
**** Build of configuration Debug for project wlan_mac_low_dcf ****

make all 
Building file: ../src/wlan_mac_dcf.c
Invoking: MicroBlaze gcc compiler
mb-gcc -Wall -O0 -g3 -I"C:\Users\Ahmed.Youssef\Desktop\w3_802.11_EDK_v0.71_beta\SDK_Workspace\wlan_mac_shared\wlan_mac_common\include" -I"C:\Users\Ahmed.Youssef\Desktop\w3_802.11_EDK_v0.71_beta\SDK_Workspace\wlan_mac_low_dcf\src\include" -c -fmessage-length=0 -Wl,--no-relax -I../../wlan_bsp_cpu_low/mb_low/include -mlittle-endian -mxl-barrel-shift -mxl-pattern-compare -mcpu=v8.40.b -mno-xl-soft-mul -MMD -MP -MF"src/wlan_mac_dcf.d" -MT"src/wlan_mac_dcf.d" -o"src/wlan_mac_dcf.o" "../src/wlan_mac_dcf.c"
In file included from ../src/wlan_mac_dcf.c:32:0:
../../wlan_bsp_cpu_low/mb_low/include/radio_controller.h:245:1: warning: multi-line comment [-Wcomment]
Finished building: ../src/wlan_mac_dcf.c
' '
Building file: ../src/wlan_phy_util.c
Invoking: MicroBlaze gcc compiler
mb-gcc -Wall -O0 -g3 -I"C:\Users\Ahmed.Youssef\Desktop\w3_802.11_EDK_v0.71_beta\SDK_Workspace\wlan_mac_shared\wlan_mac_common\include" -I"C:\Users\Ahmed.Youssef\Desktop\w3_802.11_EDK_v0.71_beta\SDK_Workspace\wlan_mac_low_dcf\src\include" -c -fmessage-length=0 -Wl,--no-relax -I../../wlan_bsp_cpu_low/mb_low/include -mlittle-endian -mxl-barrel-shift -mxl-pattern-compare -mcpu=v8.40.b -mno-xl-soft-mul -MMD -MP -MF"src/wlan_phy_util.d" -MT"src/wlan_phy_util.d" -o"src/wlan_phy_util.o" "../src/wlan_phy_util.c"
In file included from ../src/wlan_phy_util.c:30:0:
../../wlan_bsp_cpu_low/mb_low/include/radio_controller.h:245:1: warning: multi-line comment [-Wcomment]
Finished building: ../src/wlan_phy_util.c
' '
Building target: wlan_mac_low_dcf.elf
Invoking: MicroBlaze gcc linker
mb-gcc -Wl,--no-relax -Wl,-Map=executable.map -Wl,-T -Wl,../src/lscript.ld -L../../wlan_bsp_cpu_low/mb_low/lib -mlittle-endian -mxl-barrel-shift -mxl-pattern-compare -mcpu=v8.40.b -mno-xl-soft-mul -o"wlan_mac_low_dcf.elf"  ./src/wlan_mac_dcf.o ./src/wlan_phy_util.o   -Wl,--start-group,-lxil,-lgcc,-lc,--end-group
./src/wlan_mac_dcf.o: In function `main':
C:\Users\Ahmed.Youssef\Desktop\w3_802.11_EDK_v0.71_beta\SDK_Workspace\wlan_mac_low_dcf\Debug/../src/wlan_mac_dcf.c:114: undefined reference to `wlan_lib_init'
C:\Users\Ahmed.Youssef\Desktop\w3_802.11_EDK_v0.71_beta\SDK_Workspace\wlan_mac_low_dcf\Debug/../src/wlan_mac_dcf.c:121: undefined reference to `lock_pkt_buf_rx'
C:\Users\Ahmed.Youssef\Desktop\w3_802.11_EDK_v0.71_beta\SDK_Workspace\wlan_mac_low_dcf\Debug/../src/wlan_mac_dcf.c:132: undefined reference to `lock_pkt_buf_tx'
C:\Users\Ahmed.Youssef\Desktop\w3_802.11_EDK_v0.71_beta\SDK_Workspace\wlan_mac_low_dcf\Debug/../src/wlan_mac_dcf.c:153: undefined reference to `ipc_mailbox_write_msg'
C:\Users\Ahmed.Youssef\Desktop\w3_802.11_EDK_v0.71_beta\SDK_Workspace\wlan_mac_low_dcf\Debug/../src/wlan_mac_dcf.c:160: undefined reference to `ipc_mailbox_read_msg'
./src/wlan_mac_dcf.o: In function `process_ipc_msg_from_high':
C:\Users\Ahmed.Youssef\Desktop\w3_802.11_EDK_v0.71_beta\SDK_Workspace\wlan_mac_low_dcf\Debug/../src/wlan_mac_dcf.c:204: undefined reference to `ipc_mailbox_write_msg'
C:\Users\Ahmed.Youssef\Desktop\w3_802.11_EDK_v0.71_beta\SDK_Workspace\wlan_mac_low_dcf\Debug/../src/wlan_mac_dcf.c:207: undefined reference to `lock_pkt_buf_tx'
C:\Users\Ahmed.Youssef\Desktop\w3_802.11_EDK_v0.71_beta\SDK_Workspace\wlan_mac_low_dcf\Debug/../src/wlan_mac_dcf.c:210: undefined reference to `status_pkt_buf_tx'
C:\Users\Ahmed.Youssef\Desktop\w3_802.11_EDK_v0.71_beta\SDK_Workspace\wlan_mac_low_dcf\Debug/../src/wlan_mac_dcf.c:289: undefined reference to `unlock_pkt_buf_tx'
C:\Users\Ahmed.Youssef\Desktop\w3_802.11_EDK_v0.71_beta\SDK_Workspace\wlan_mac_low_dcf\Debug/../src/wlan_mac_dcf.c:296: undefined reference to `ipc_mailbox_write_msg'
./src/wlan_mac_dcf.o: In function `frame_receive':
C:\Users\Ahmed.Youssef\Desktop\w3_802.11_EDK_v0.71_beta\SDK_Workspace\wlan_mac_low_dcf\Debug/../src/wlan_mac_dcf.c:446: undefined reference to `unlock_pkt_buf_rx'
C:\Users\Ahmed.Youssef\Desktop\w3_802.11_EDK_v0.71_beta\SDK_Workspace\wlan_mac_low_dcf\Debug/../src/wlan_mac_dcf.c:454: undefined reference to `ipc_mailbox_write_msg'
C:\Users\Ahmed.Youssef\Desktop\w3_802.11_EDK_v0.71_beta\SDK_Workspace\wlan_mac_low_dcf\Debug/../src/wlan_mac_dcf.c:475: undefined reference to `unlock_pkt_buf_rx'
C:\Users\Ahmed.Youssef\Desktop\w3_802.11_EDK_v0.71_beta\SDK_Workspace\wlan_mac_low_dcf\Debug/../src/wlan_mac_dcf.c:479: undefined reference to `ipc_mailbox_write_msg'
./src/wlan_mac_dcf.o: In function `mac_dcf_init':
C:\Users\Ahmed.Youssef\Desktop\w3_802.11_EDK_v0.71_beta\SDK_Workspace\wlan_mac_low_dcf\Debug/../src/wlan_mac_dcf.c:723: undefined reference to `ipc_mailbox_write_msg'
./src/wlan_mac_dcf.o: In function `lock_empty_rx_pkt_buf':
C:\Users\Ahmed.Youssef\Desktop\w3_802.11_EDK_v0.71_beta\SDK_Workspace\wlan_mac_low_dcf\Debug/../src/wlan_mac_dcf.c:897: undefined reference to `lock_pkt_buf_rx'
./src/wlan_mac_dcf.o: In function `send_exception':
C:\Users\Ahmed.Youssef\Desktop\w3_802.11_EDK_v0.71_beta\SDK_Workspace\wlan_mac_low_dcf\Debug/../src/wlan_mac_dcf.c:957: undefined reference to `ipc_mailbox_write_msg'
collect2: ld returned 1 exit status
make: *** [wlan_mac_low_dcf.elf] Error 1
