
**** Build of configuration Debug for project wlan_mac_high_sta ****

make -j8 all 
Building file: ../src/wlan_exp_node_sta.c
Building file: ../src/wlan_mac_sta.c
Building file: ../src/wlan_mac_sta_uart_menu.c
Invoking: MicroBlaze gcc compiler
Invoking: MicroBlaze gcc compiler
mb-gcc -Wall -O0 -g3 -I"C:\Users\Ahmed.Youssef\Desktop\w3_802.11_EDK_v0.71_beta\SDK_Workspace\wlan_mac_high_sta\src\include" -c -fmessage-length=0 -Wl,--no-relax -I../../wlan_bsp_cpu_high/mb_high/include -mlittle-endian -mxl-barrel-shift -mxl-pattern-compare -mcpu=v8.40.b -mno-xl-soft-mul -MMD -MP -MF"src/wlan_exp_node_sta.d" -MT"src/wlan_exp_node_sta.d" -o"src/wlan_exp_node_sta.o" "../src/wlan_exp_node_sta.c"
../src/wlan_exp_node_sta.c:20:29: fatal error: wlan_exp_common.h: No such file or directory
Invoking: MicroBlaze gcc compiler
compilation terminated.
mb-gcc -Wall -O0 -g3 -I"C:\Users\Ahmed.Youssef\Desktop\w3_802.11_EDK_v0.71_beta\SDK_Workspace\wlan_mac_high_sta\src\include" -c -fmessage-length=0 -Wl,--no-relax -I../../wlan_bsp_cpu_high/mb_high/include -mlittle-endian -mxl-barrel-shift -mxl-pattern-compare -mcpu=v8.40.b -mno-xl-soft-mul -MMD -MP -MF"src/wlan_mac_sta.d" -MT"src/wlan_mac_sta.d" -o"src/wlan_mac_sta.o" "../src/wlan_mac_sta.c"
make: *** [src/wlan_exp_node_sta.o] Error 1
mb-gcc -Wall -O0 -g3 -I"C:\Users\Ahmed.Youssef\Desktop\w3_802.11_EDK_v0.71_beta\SDK_Workspace\wlan_mac_high_sta\src\include" -c -fmessage-length=0 -Wl,--no-relax -I../../wlan_bsp_cpu_high/mb_high/include -mlittle-endian -mxl-barrel-shift -mxl-pattern-compare -mcpu=v8.40.b -mno-xl-soft-mul -MMD -MP -MF"src/wlan_mac_sta_uart_menu.d" -MT"src/wlan_mac_sta_uart_menu.d" -o"src/wlan_mac_sta_uart_menu.o" "../src/wlan_mac_sta_uart_menu.c"
make: *** Waiting for unfinished jobs....
../src/wlan_mac_sta.c:29:31: fatal error: wlan_mac_ipc_util.h: No such file or directory
compilation terminated.
make: *** [src/wlan_mac_sta.o] Error 1
../src/wlan_mac_sta_uart_menu.c:27:31: fatal error: wlan_mac_ipc_util.h: No such file or directory
compilation terminated.
make: *** [src/wlan_mac_sta_uart_menu.o] Error 1
